<?xml version="1.0" encoding="UTF-8"?>
<!-- Generated by org.testng.reporters.JUnitReportReporter -->
<testsuite hostname="Kieu-Nguyen" failures="0" tests="2" name="TestCase.Requests" time="1.719" errors="0" timestamp="2023-05-15T20:29:05 EDT" skipped="0">
  <testcase classname="TestCase.Requests" name="getMethodwithPathParam" time="0.116"/>
  <system-out/>
  <testcase classname="TestCase.Requests" name="PostMethod" time="1.603"/>
  <system-out/>
</testsuite> <!-- TestCase.Requests -->
